<?xml version="1.0" encoding="UTF-8"?>
<!-- Generated by org.testng.reporters.JUnitReportReporter -->
<testsuite skipped="0" hostname="DESKTOP-VG3VBVK" name="tests.LoginTest" tests="4" failures="0" timestamp="2023-02-16T10:15:34 IST" time="49.519" errors="0">
  <testcase name="redirectToResetPasswordPageLinkPresent" time="9.746" classname="tests.LoginTest"/>
  <system-out/>
  <testcase name="invalidLogin" time="11.949" classname="tests.LoginTest"/>
  <system-out/>
  <testcase name="loginTest" time="12.649" classname="tests.LoginTest"/>
  <system-out/>
  <testcase name="navigateToResetPassword" time="15.175" classname="tests.LoginTest"/>
  <system-out/>
</testsuite> <!-- tests.LoginTest -->
