<?xml version="1.0" encoding="UTF-8"?>
<!-- Generated by org.testng.reporters.JUnitReportReporter -->
<testsuite skipped="0" hostname="DESKTOP-VG3VBVK" name="tests.TestClass1" tests="6" failures="0" timestamp="2023-02-13T17:07:01 IST" time="30.063" errors="0">
  <testcase name="test1" time="5.010" classname="tests.TestClass1"/>
  <system-out/>
  <testcase name="test2" time="5.005" classname="tests.TestClass1"/>
  <system-out/>
  <testcase name="test2" time="5.006" classname="tests.TestClass1"/>
  <system-out/>
  <testcase name="test3" time="5.015" classname="tests.TestClass1"/>
  <system-out/>
  <testcase name="test3" time="5.017" classname="tests.TestClass1"/>
  <system-out/>
  <testcase name="test1" time="5.010" classname="tests.TestClass1"/>
  <system-out/>
</testsuite> <!-- tests.TestClass1 -->
