<?xml version="1.0" encoding="UTF-8"?>
<!-- Generated by org.testng.reporters.JUnitReportReporter -->
<testsuite skipped="0" hostname="DESKTOP-VG3VBVK" name="tests.LoginTest" tests="4" failures="0" timestamp="2023-02-16T09:53:37 IST" time="39.963" errors="0">
  <testcase name="loginTest" time="12.075" classname="tests.LoginTest"/>
  <system-out/>
  <testcase name="navigateToResetPassword" time="7.585" classname="tests.LoginTest"/>
  <system-out/>
  <testcase name="invalidLogin" time="8.185" classname="tests.LoginTest"/>
  <system-out/>
  <testcase name="redirectToResetPasswordPageLinkPresent" time="12.118" classname="tests.LoginTest"/>
  <system-out/>
</testsuite> <!-- tests.LoginTest -->
