<?xml version="1.0" encoding="UTF-8"?>
<!-- Generated by org.testng.reporters.JUnitReportReporter -->
<testsuite skipped="0" hostname="DESKTOP-VG3VBVK" name="tests.TestClass2" tests="6" failures="0" timestamp="2023-02-13T17:07:01 IST" time="30.060" errors="0">
  <testcase name="test3" time="5.013" classname="tests.TestClass2"/>
  <system-out/>
  <testcase name="test3" time="5.013" classname="tests.TestClass2"/>
  <system-out/>
  <testcase name="test2" time="5.009" classname="tests.TestClass2"/>
  <system-out/>
  <testcase name="test1" time="5.008" classname="tests.TestClass2"/>
  <system-out/>
  <testcase name="test2" time="5.008" classname="tests.TestClass2"/>
  <system-out/>
  <testcase name="test1" time="5.009" classname="tests.TestClass2"/>
  <system-out/>
</testsuite> <!-- tests.TestClass2 -->
